<?xml version="1.0" encoding="UTF-8"?>
<testsuite xmlns:xsi="http://www.w3.org/2001/XMLSchema-instance" xsi:noNamespaceSchemaLocation="https://maven.apache.org/surefire/maven-surefire-plugin/xsd/surefire-test-report-3.0.xsd" version="3.0" name="hubdoc.hubdocTestRunner" time="27.018" tests="2" errors="1" skipped="0" failures="1">
  <properties>
    <property name="gopherProxySet" value="false"/>
    <property name="awt.toolkit" value="sun.lwawt.macosx.LWCToolkit"/>
    <property name="java.specification.version" value="11"/>
    <property name="sun.cpu.isalist" value=""/>
    <property name="sun.jnu.encoding" value="UTF-8"/>
    <property name="java.class.path" value="/Users/aliciahuang/repos/myProjects/hubdoc/target/test-classes:/Users/aliciahuang/repos/myProjects/hubdoc/target/classes:/Users/aliciahuang/.m2/repository/org/seleniumhq/selenium/selenium-java/3.11.0/selenium-java-3.11.0.jar:/Users/aliciahuang/.m2/repository/org/seleniumhq/selenium/selenium-api/3.11.0/selenium-api-3.11.0.jar:/Users/aliciahuang/.m2/repository/org/seleniumhq/selenium/selenium-chrome-driver/3.11.0/selenium-chrome-driver-3.11.0.jar:/Users/aliciahuang/.m2/repository/org/seleniumhq/selenium/selenium-edge-driver/3.11.0/selenium-edge-driver-3.11.0.jar:/Users/aliciahuang/.m2/repository/org/seleniumhq/selenium/selenium-firefox-driver/3.11.0/selenium-firefox-driver-3.11.0.jar:/Users/aliciahuang/.m2/repository/org/seleniumhq/selenium/selenium-ie-driver/3.11.0/selenium-ie-driver-3.11.0.jar:/Users/aliciahuang/.m2/repository/org/seleniumhq/selenium/selenium-opera-driver/3.11.0/selenium-opera-driver-3.11.0.jar:/Users/aliciahuang/.m2/repository/org/seleniumhq/selenium/selenium-remote-driver/3.11.0/selenium-remote-driver-3.11.0.jar:/Users/aliciahuang/.m2/repository/org/seleniumhq/selenium/selenium-safari-driver/3.11.0/selenium-safari-driver-3.11.0.jar:/Users/aliciahuang/.m2/repository/org/seleniumhq/selenium/selenium-support/3.11.0/selenium-support-3.11.0.jar:/Users/aliciahuang/.m2/repository/net/bytebuddy/byte-buddy/1.7.9/byte-buddy-1.7.9.jar:/Users/aliciahuang/.m2/repository/org/apache/commons/commons-exec/1.3/commons-exec-1.3.jar:/Users/aliciahuang/.m2/repository/commons-codec/commons-codec/1.10/commons-codec-1.10.jar:/Users/aliciahuang/.m2/repository/commons-logging/commons-logging/1.2/commons-logging-1.2.jar:/Users/aliciahuang/.m2/repository/com/google/guava/guava/23.6-jre/guava-23.6-jre.jar:/Users/aliciahuang/.m2/repository/com/google/code/findbugs/jsr305/1.3.9/jsr305-1.3.9.jar:/Users/aliciahuang/.m2/repository/org/checkerframework/checker-compat-qual/2.0.0/checker-compat-qual-2.0.0.jar:/Users/aliciahuang/.m2/repository/com/google/errorprone/error_prone_annotations/2.1.3/error_prone_annotations-2.1.3.jar:/Users/aliciahuang/.m2/repository/com/google/j2objc/j2objc-annotations/1.1/j2objc-annotations-1.1.jar:/Users/aliciahuang/.m2/repository/org/codehaus/mojo/animal-sniffer-annotations/1.14/animal-sniffer-annotations-1.14.jar:/Users/aliciahuang/.m2/repository/org/apache/httpcomponents/httpclient/4.5.3/httpclient-4.5.3.jar:/Users/aliciahuang/.m2/repository/org/apache/httpcomponents/httpcore/4.4.6/httpcore-4.4.6.jar:/Users/aliciahuang/.m2/repository/com/squareup/okhttp3/okhttp/3.9.1/okhttp-3.9.1.jar:/Users/aliciahuang/.m2/repository/com/squareup/okio/okio/1.13.0/okio-1.13.0.jar:/Users/aliciahuang/.m2/repository/io/cucumber/cucumber-java/4.0.0/cucumber-java-4.0.0.jar:/Users/aliciahuang/.m2/repository/io/cucumber/cucumber-core/4.0.0/cucumber-core-4.0.0.jar:/Users/aliciahuang/.m2/repository/io/cucumber/cucumber-html/0.2.7/cucumber-html-0.2.7.jar:/Users/aliciahuang/.m2/repository/io/cucumber/tag-expressions/1.1.1/tag-expressions-1.1.1.jar:/Users/aliciahuang/.m2/repository/io/cucumber/cucumber-expressions/6.1.0/cucumber-expressions-6.1.0.jar:/Users/aliciahuang/.m2/repository/io/cucumber/datatable/1.1.3/datatable-1.1.3.jar:/Users/aliciahuang/.m2/repository/io/cucumber/datatable-dependencies/1.1.3/datatable-dependencies-1.1.3.jar:/Users/aliciahuang/.m2/repository/io/cucumber/cucumber-picocontainer/4.0.0/cucumber-picocontainer-4.0.0.jar:/Users/aliciahuang/.m2/repository/org/picocontainer/picocontainer/2.15/picocontainer-2.15.jar:/Users/aliciahuang/.m2/repository/io/cucumber/gherkin/5.1.0/gherkin-5.1.0.jar:/Users/aliciahuang/.m2/repository/io/cucumber/gherkin-jvm-deps/1.0.4/gherkin-jvm-deps-1.0.4.jar:/Users/aliciahuang/.m2/repository/io/cucumber/cucumber-junit/4.0.0/cucumber-junit-4.0.0.jar:/Users/aliciahuang/.m2/repository/junit/junit/4.12/junit-4.12.jar:/Users/aliciahuang/.m2/repository/org/hamcrest/hamcrest-core/1.3/hamcrest-core-1.3.jar:/Users/aliciahuang/.m2/repository/org/apache/poi/poi/3.17/poi-3.17.jar:/Users/aliciahuang/.m2/repository/org/apache/commons/commons-collections4/4.1/commons-collections4-4.1.jar:/Users/aliciahuang/.m2/repository/net/masterthought/cucumber-reporting/2.8.0/cucumber-reporting-2.8.0.jar:/Users/aliciahuang/.m2/repository/org/apache/logging/log4j/log4j-api/2.6.2/log4j-api-2.6.2.jar:/Users/aliciahuang/.m2/repository/org/apache/logging/log4j/log4j-core/2.6.2/log4j-core-2.6.2.jar:/Users/aliciahuang/.m2/repository/com/fasterxml/jackson/core/jackson-databind/2.8.1/jackson-databind-2.8.1.jar:/Users/aliciahuang/.m2/repository/com/fasterxml/jackson/core/jackson-annotations/2.8.0/jackson-annotations-2.8.0.jar:/Users/aliciahuang/.m2/repository/com/fasterxml/jackson/core/jackson-core/2.8.1/jackson-core-2.8.1.jar:/Users/aliciahuang/.m2/repository/org/apache/velocity/velocity/1.7/velocity-1.7.jar:/Users/aliciahuang/.m2/repository/commons-collections/commons-collections/3.2.1/commons-collections-3.2.1.jar:/Users/aliciahuang/.m2/repository/commons-lang/commons-lang/2.4/commons-lang-2.4.jar:/Users/aliciahuang/.m2/repository/velocity-tools/velocity-tools/1.4/velocity-tools-1.4.jar:/Users/aliciahuang/.m2/repository/joda-time/joda-time/2.9.4/joda-time-2.9.4.jar:/Users/aliciahuang/.m2/repository/org/apache/commons/commons-lang3/3.4/commons-lang3-3.4.jar:/Users/aliciahuang/.m2/repository/commons-io/commons-io/2.5/commons-io-2.5.jar:/Users/aliciahuang/.m2/repository/net/lingala/zip4j/zip4j/1.3.2/zip4j-1.3.2.jar:/Users/aliciahuang/.m2/repository/org/codehaus/plexus/plexus-utils/3.0.24/plexus-utils-3.0.24.jar:/Users/aliciahuang/.m2/repository/com/trivago/rta/cluecumber-report-plugin/2.0.1/cluecumber-report-plugin-2.0.1.jar:/Users/aliciahuang/.m2/repository/org/freemarker/freemarker/2.3.28/freemarker-2.3.28.jar:/Users/aliciahuang/.m2/repository/org/codehaus/plexus/plexus-component-annotations/1.7.1/plexus-component-annotations-1.7.1.jar:/Users/aliciahuang/.m2/repository/org/jsoup/jsoup/1.8.3/jsoup-1.8.3.jar:/Users/aliciahuang/.m2/repository/redis/clients/jedis/3.1.0/jedis-3.1.0.jar:/Users/aliciahuang/.m2/repository/org/slf4j/slf4j-api/1.7.25/slf4j-api-1.7.25.jar:/Users/aliciahuang/.m2/repository/org/apache/commons/commons-pool2/2.6.2/commons-pool2-2.6.2.jar:/Users/aliciahuang/.m2/repository/org/apache/maven/maven-plugin-api/3.5.4/maven-plugin-api-3.5.4.jar:/Users/aliciahuang/.m2/repository/org/apache/maven/maven-model/3.5.4/maven-model-3.5.4.jar:/Users/aliciahuang/.m2/repository/org/apache/maven/maven-artifact/3.5.4/maven-artifact-3.5.4.jar:/Users/aliciahuang/.m2/repository/org/eclipse/sisu/org.eclipse.sisu.plexus/0.3.3/org.eclipse.sisu.plexus-0.3.3.jar:/Users/aliciahuang/.m2/repository/javax/enterprise/cdi-api/1.0/cdi-api-1.0.jar:/Users/aliciahuang/.m2/repository/javax/annotation/jsr250-api/1.0/jsr250-api-1.0.jar:/Users/aliciahuang/.m2/repository/javax/inject/javax.inject/1/javax.inject-1.jar:/Users/aliciahuang/.m2/repository/org/eclipse/sisu/org.eclipse.sisu.inject/0.3.3/org.eclipse.sisu.inject-0.3.3.jar:/Users/aliciahuang/.m2/repository/org/codehaus/plexus/plexus-classworlds/2.5.2/plexus-classworlds-2.5.2.jar:/Users/aliciahuang/.m2/repository/com/google/code/gson/gson/2.8.5/gson-2.8.5.jar:/Users/aliciahuang/.m2/repository/io/gsonfire/gson-fire/1.8.3/gson-fire-1.8.3.jar:/Users/aliciahuang/.m2/repository/org/apache/maven/plugins/maven-surefire-plugin/3.0.0-M3/maven-surefire-plugin-3.0.0-M3.jar:/Users/aliciahuang/.m2/repository/com/googlecode/json-simple/json-simple/1.1.1/json-simple-1.1.1.jar:/Users/aliciahuang/.m2/repository/org/apache/maven/surefire/maven-surefire-common/3.0.0-M3/maven-surefire-common-3.0.0-M3.jar:/Users/aliciahuang/.m2/repository/org/apache/maven/surefire/surefire-api/3.0.0-M3/surefire-api-3.0.0-M3.jar:/Users/aliciahuang/.m2/repository/org/apache/maven/surefire/surefire-logger-api/3.0.0-M3/surefire-logger-api-3.0.0-M3.jar:/Users/aliciahuang/.m2/repository/org/apache/maven/surefire/surefire-booter/3.0.0-M3/surefire-booter-3.0.0-M3.jar:/Users/aliciahuang/.m2/repository/org/apache/maven/maven-toolchain/3.0-alpha-2/maven-toolchain-3.0-alpha-2.jar:/Users/aliciahuang/.m2/repository/org/codehaus/plexus/plexus-java/1.0.1/plexus-java-1.0.1.jar:/Users/aliciahuang/.m2/repository/org/ow2/asm/asm/7.0-beta/asm-7.0-beta.jar:/Users/aliciahuang/.m2/repository/com/thoughtworks/qdox/qdox/2.0-M9/qdox-2.0-M9.jar:/Users/aliciahuang/.m2/repository/org/apache/maven/plugin-tools/maven-plugin-annotations/3.6.0/maven-plugin-annotations-3.6.0.jar:/Users/aliciahuang/.m2/repository/org/apache/maven/maven-core/3.0/maven-core-3.0.jar:/Users/aliciahuang/.m2/repository/org/apache/maven/maven-settings/3.0/maven-settings-3.0.jar:/Users/aliciahuang/.m2/repository/org/apache/maven/maven-settings-builder/3.0/maven-settings-builder-3.0.jar:/Users/aliciahuang/.m2/repository/org/apache/maven/maven-repository-metadata/3.0/maven-repository-metadata-3.0.jar:/Users/aliciahuang/.m2/repository/org/apache/maven/maven-model-builder/3.0/maven-model-builder-3.0.jar:/Users/aliciahuang/.m2/repository/org/apache/maven/maven-aether-provider/3.0/maven-aether-provider-3.0.jar:/Users/aliciahuang/.m2/repository/org/sonatype/aether/aether-impl/1.7/aether-impl-1.7.jar:/Users/aliciahuang/.m2/repository/org/sonatype/aether/aether-spi/1.7/aether-spi-1.7.jar:/Users/aliciahuang/.m2/repository/org/sonatype/aether/aether-api/1.7/aether-api-1.7.jar:/Users/aliciahuang/.m2/repository/org/sonatype/aether/aether-util/1.7/aether-util-1.7.jar:/Users/aliciahuang/.m2/repository/org/sonatype/sisu/sisu-inject-plexus/1.4.2/sisu-inject-plexus-1.4.2.jar:/Users/aliciahuang/.m2/repository/org/sonatype/sisu/sisu-inject-bean/1.4.2/sisu-inject-bean-1.4.2.jar:/Users/aliciahuang/.m2/repository/org/sonatype/sisu/sisu-guice/2.1.7/sisu-guice-2.1.7-noaop.jar:/Users/aliciahuang/.m2/repository/org/codehaus/plexus/plexus-interpolation/1.14/plexus-interpolation-1.14.jar:/Users/aliciahuang/.m2/repository/org/sonatype/plexus/plexus-sec-dispatcher/1.3/plexus-sec-dispatcher-1.3.jar:/Users/aliciahuang/.m2/repository/org/sonatype/plexus/plexus-cipher/1.4/plexus-cipher-1.4.jar:/Users/aliciahuang/.m2/repository/org/apache/maven/maven-compat/3.0/maven-compat-3.0.jar:/Users/aliciahuang/.m2/repository/org/apache/maven/wagon/wagon-provider-api/1.0-beta-6/wagon-provider-api-1.0-beta-6.jar:/Users/aliciahuang/.m2/repository/org/apache/maven/surefire/surefire-junit47/3.0.0-M3/surefire-junit47-3.0.0-M3.jar:/Users/aliciahuang/.m2/repository/org/apache/maven/surefire/common-junit48/3.0.0-M3/common-junit48-3.0.0-M3.jar:/Users/aliciahuang/.m2/repository/org/apache/maven/surefire/common-junit4/3.0.0-M3/common-junit4-3.0.0-M3.jar:/Users/aliciahuang/.m2/repository/org/apache/maven/surefire/common-junit3/3.0.0-M3/common-junit3-3.0.0-M3.jar:/Users/aliciahuang/.m2/repository/org/apache/maven/surefire/common-java5/3.0.0-M3/common-java5-3.0.0-M3.jar:/Users/aliciahuang/.m2/repository/org/apache/maven/surefire/surefire-grouper/3.0.0-M3/surefire-grouper-3.0.0-M3.jar:"/>
    <property name="java.vm.vendor" value="Oracle Corporation"/>
    <property name="sun.arch.data.model" value="64"/>
    <property name="java.vendor.url" value="http://java.oracle.com/"/>
    <property name="user.timezone" value=""/>
    <property name="java.vm.specification.version" value="11"/>
    <property name="os.name" value="Mac OS X"/>
    <property name="sun.java.launcher" value="SUN_STANDARD"/>
    <property name="user.country" value="CA"/>
    <property name="sun.boot.library.path" value="/Library/Java/JavaVirtualMachines/jdk-11.0.2.jdk/Contents/Home/lib"/>
    <property name="sun.java.command" value="/Users/aliciahuang/repos/myProjects/hubdoc/target/surefire/surefirebooter16854779075854823937.jar /Users/aliciahuang/repos/myProjects/hubdoc/target/surefire 2020-07-12T16-48-01_381-jvmRun1 surefire1936496337903258701tmp surefire_014320360781770942233tmp"/>
    <property name="jdk.debug" value="release"/>
    <property name="surefire.test.class.path" value="/Users/aliciahuang/repos/myProjects/hubdoc/target/test-classes:/Users/aliciahuang/repos/myProjects/hubdoc/target/classes:/Users/aliciahuang/.m2/repository/org/seleniumhq/selenium/selenium-java/3.11.0/selenium-java-3.11.0.jar:/Users/aliciahuang/.m2/repository/org/seleniumhq/selenium/selenium-api/3.11.0/selenium-api-3.11.0.jar:/Users/aliciahuang/.m2/repository/org/seleniumhq/selenium/selenium-chrome-driver/3.11.0/selenium-chrome-driver-3.11.0.jar:/Users/aliciahuang/.m2/repository/org/seleniumhq/selenium/selenium-edge-driver/3.11.0/selenium-edge-driver-3.11.0.jar:/Users/aliciahuang/.m2/repository/org/seleniumhq/selenium/selenium-firefox-driver/3.11.0/selenium-firefox-driver-3.11.0.jar:/Users/aliciahuang/.m2/repository/org/seleniumhq/selenium/selenium-ie-driver/3.11.0/selenium-ie-driver-3.11.0.jar:/Users/aliciahuang/.m2/repository/org/seleniumhq/selenium/selenium-opera-driver/3.11.0/selenium-opera-driver-3.11.0.jar:/Users/aliciahuang/.m2/repository/org/seleniumhq/selenium/selenium-remote-driver/3.11.0/selenium-remote-driver-3.11.0.jar:/Users/aliciahuang/.m2/repository/org/seleniumhq/selenium/selenium-safari-driver/3.11.0/selenium-safari-driver-3.11.0.jar:/Users/aliciahuang/.m2/repository/org/seleniumhq/selenium/selenium-support/3.11.0/selenium-support-3.11.0.jar:/Users/aliciahuang/.m2/repository/net/bytebuddy/byte-buddy/1.7.9/byte-buddy-1.7.9.jar:/Users/aliciahuang/.m2/repository/org/apache/commons/commons-exec/1.3/commons-exec-1.3.jar:/Users/aliciahuang/.m2/repository/commons-codec/commons-codec/1.10/commons-codec-1.10.jar:/Users/aliciahuang/.m2/repository/commons-logging/commons-logging/1.2/commons-logging-1.2.jar:/Users/aliciahuang/.m2/repository/com/google/guava/guava/23.6-jre/guava-23.6-jre.jar:/Users/aliciahuang/.m2/repository/com/google/code/findbugs/jsr305/1.3.9/jsr305-1.3.9.jar:/Users/aliciahuang/.m2/repository/org/checkerframework/checker-compat-qual/2.0.0/checker-compat-qual-2.0.0.jar:/Users/aliciahuang/.m2/repository/com/google/errorprone/error_prone_annotations/2.1.3/error_prone_annotations-2.1.3.jar:/Users/aliciahuang/.m2/repository/com/google/j2objc/j2objc-annotations/1.1/j2objc-annotations-1.1.jar:/Users/aliciahuang/.m2/repository/org/codehaus/mojo/animal-sniffer-annotations/1.14/animal-sniffer-annotations-1.14.jar:/Users/aliciahuang/.m2/repository/org/apache/httpcomponents/httpclient/4.5.3/httpclient-4.5.3.jar:/Users/aliciahuang/.m2/repository/org/apache/httpcomponents/httpcore/4.4.6/httpcore-4.4.6.jar:/Users/aliciahuang/.m2/repository/com/squareup/okhttp3/okhttp/3.9.1/okhttp-3.9.1.jar:/Users/aliciahuang/.m2/repository/com/squareup/okio/okio/1.13.0/okio-1.13.0.jar:/Users/aliciahuang/.m2/repository/io/cucumber/cucumber-java/4.0.0/cucumber-java-4.0.0.jar:/Users/aliciahuang/.m2/repository/io/cucumber/cucumber-core/4.0.0/cucumber-core-4.0.0.jar:/Users/aliciahuang/.m2/repository/io/cucumber/cucumber-html/0.2.7/cucumber-html-0.2.7.jar:/Users/aliciahuang/.m2/repository/io/cucumber/tag-expressions/1.1.1/tag-expressions-1.1.1.jar:/Users/aliciahuang/.m2/repository/io/cucumber/cucumber-expressions/6.1.0/cucumber-expressions-6.1.0.jar:/Users/aliciahuang/.m2/repository/io/cucumber/datatable/1.1.3/datatable-1.1.3.jar:/Users/aliciahuang/.m2/repository/io/cucumber/datatable-dependencies/1.1.3/datatable-dependencies-1.1.3.jar:/Users/aliciahuang/.m2/repository/io/cucumber/cucumber-picocontainer/4.0.0/cucumber-picocontainer-4.0.0.jar:/Users/aliciahuang/.m2/repository/org/picocontainer/picocontainer/2.15/picocontainer-2.15.jar:/Users/aliciahuang/.m2/repository/io/cucumber/gherkin/5.1.0/gherkin-5.1.0.jar:/Users/aliciahuang/.m2/repository/io/cucumber/gherkin-jvm-deps/1.0.4/gherkin-jvm-deps-1.0.4.jar:/Users/aliciahuang/.m2/repository/io/cucumber/cucumber-junit/4.0.0/cucumber-junit-4.0.0.jar:/Users/aliciahuang/.m2/repository/junit/junit/4.12/junit-4.12.jar:/Users/aliciahuang/.m2/repository/org/hamcrest/hamcrest-core/1.3/hamcrest-core-1.3.jar:/Users/aliciahuang/.m2/repository/org/apache/poi/poi/3.17/poi-3.17.jar:/Users/aliciahuang/.m2/repository/org/apache/commons/commons-collections4/4.1/commons-collections4-4.1.jar:/Users/aliciahuang/.m2/repository/net/masterthought/cucumber-reporting/2.8.0/cucumber-reporting-2.8.0.jar:/Users/aliciahuang/.m2/repository/org/apache/logging/log4j/log4j-api/2.6.2/log4j-api-2.6.2.jar:/Users/aliciahuang/.m2/repository/org/apache/logging/log4j/log4j-core/2.6.2/log4j-core-2.6.2.jar:/Users/aliciahuang/.m2/repository/com/fasterxml/jackson/core/jackson-databind/2.8.1/jackson-databind-2.8.1.jar:/Users/aliciahuang/.m2/repository/com/fasterxml/jackson/core/jackson-annotations/2.8.0/jackson-annotations-2.8.0.jar:/Users/aliciahuang/.m2/repository/com/fasterxml/jackson/core/jackson-core/2.8.1/jackson-core-2.8.1.jar:/Users/aliciahuang/.m2/repository/org/apache/velocity/velocity/1.7/velocity-1.7.jar:/Users/aliciahuang/.m2/repository/commons-collections/commons-collections/3.2.1/commons-collections-3.2.1.jar:/Users/aliciahuang/.m2/repository/commons-lang/commons-lang/2.4/commons-lang-2.4.jar:/Users/aliciahuang/.m2/repository/velocity-tools/velocity-tools/1.4/velocity-tools-1.4.jar:/Users/aliciahuang/.m2/repository/joda-time/joda-time/2.9.4/joda-time-2.9.4.jar:/Users/aliciahuang/.m2/repository/org/apache/commons/commons-lang3/3.4/commons-lang3-3.4.jar:/Users/aliciahuang/.m2/repository/commons-io/commons-io/2.5/commons-io-2.5.jar:/Users/aliciahuang/.m2/repository/net/lingala/zip4j/zip4j/1.3.2/zip4j-1.3.2.jar:/Users/aliciahuang/.m2/repository/org/codehaus/plexus/plexus-utils/3.0.24/plexus-utils-3.0.24.jar:/Users/aliciahuang/.m2/repository/com/trivago/rta/cluecumber-report-plugin/2.0.1/cluecumber-report-plugin-2.0.1.jar:/Users/aliciahuang/.m2/repository/org/freemarker/freemarker/2.3.28/freemarker-2.3.28.jar:/Users/aliciahuang/.m2/repository/org/codehaus/plexus/plexus-component-annotations/1.7.1/plexus-component-annotations-1.7.1.jar:/Users/aliciahuang/.m2/repository/org/jsoup/jsoup/1.8.3/jsoup-1.8.3.jar:/Users/aliciahuang/.m2/repository/redis/clients/jedis/3.1.0/jedis-3.1.0.jar:/Users/aliciahuang/.m2/repository/org/slf4j/slf4j-api/1.7.25/slf4j-api-1.7.25.jar:/Users/aliciahuang/.m2/repository/org/apache/commons/commons-pool2/2.6.2/commons-pool2-2.6.2.jar:/Users/aliciahuang/.m2/repository/org/apache/maven/maven-plugin-api/3.5.4/maven-plugin-api-3.5.4.jar:/Users/aliciahuang/.m2/repository/org/apache/maven/maven-model/3.5.4/maven-model-3.5.4.jar:/Users/aliciahuang/.m2/repository/org/apache/maven/maven-artifact/3.5.4/maven-artifact-3.5.4.jar:/Users/aliciahuang/.m2/repository/org/eclipse/sisu/org.eclipse.sisu.plexus/0.3.3/org.eclipse.sisu.plexus-0.3.3.jar:/Users/aliciahuang/.m2/repository/javax/enterprise/cdi-api/1.0/cdi-api-1.0.jar:/Users/aliciahuang/.m2/repository/javax/annotation/jsr250-api/1.0/jsr250-api-1.0.jar:/Users/aliciahuang/.m2/repository/javax/inject/javax.inject/1/javax.inject-1.jar:/Users/aliciahuang/.m2/repository/org/eclipse/sisu/org.eclipse.sisu.inject/0.3.3/org.eclipse.sisu.inject-0.3.3.jar:/Users/aliciahuang/.m2/repository/org/codehaus/plexus/plexus-classworlds/2.5.2/plexus-classworlds-2.5.2.jar:/Users/aliciahuang/.m2/repository/com/google/code/gson/gson/2.8.5/gson-2.8.5.jar:/Users/aliciahuang/.m2/repository/io/gsonfire/gson-fire/1.8.3/gson-fire-1.8.3.jar:/Users/aliciahuang/.m2/repository/org/apache/maven/plugins/maven-surefire-plugin/3.0.0-M3/maven-surefire-plugin-3.0.0-M3.jar:/Users/aliciahuang/.m2/repository/com/googlecode/json-simple/json-simple/1.1.1/json-simple-1.1.1.jar:/Users/aliciahuang/.m2/repository/org/apache/maven/surefire/maven-surefire-common/3.0.0-M3/maven-surefire-common-3.0.0-M3.jar:/Users/aliciahuang/.m2/repository/org/apache/maven/surefire/surefire-api/3.0.0-M3/surefire-api-3.0.0-M3.jar:/Users/aliciahuang/.m2/repository/org/apache/maven/surefire/surefire-logger-api/3.0.0-M3/surefire-logger-api-3.0.0-M3.jar:/Users/aliciahuang/.m2/repository/org/apache/maven/surefire/surefire-booter/3.0.0-M3/surefire-booter-3.0.0-M3.jar:/Users/aliciahuang/.m2/repository/org/apache/maven/maven-toolchain/3.0-alpha-2/maven-toolchain-3.0-alpha-2.jar:/Users/aliciahuang/.m2/repository/org/codehaus/plexus/plexus-java/1.0.1/plexus-java-1.0.1.jar:/Users/aliciahuang/.m2/repository/org/ow2/asm/asm/7.0-beta/asm-7.0-beta.jar:/Users/aliciahuang/.m2/repository/com/thoughtworks/qdox/qdox/2.0-M9/qdox-2.0-M9.jar:/Users/aliciahuang/.m2/repository/org/apache/maven/plugin-tools/maven-plugin-annotations/3.6.0/maven-plugin-annotations-3.6.0.jar:/Users/aliciahuang/.m2/repository/org/apache/maven/maven-core/3.0/maven-core-3.0.jar:/Users/aliciahuang/.m2/repository/org/apache/maven/maven-settings/3.0/maven-settings-3.0.jar:/Users/aliciahuang/.m2/repository/org/apache/maven/maven-settings-builder/3.0/maven-settings-builder-3.0.jar:/Users/aliciahuang/.m2/repository/org/apache/maven/maven-repository-metadata/3.0/maven-repository-metadata-3.0.jar:/Users/aliciahuang/.m2/repository/org/apache/maven/maven-model-builder/3.0/maven-model-builder-3.0.jar:/Users/aliciahuang/.m2/repository/org/apache/maven/maven-aether-provider/3.0/maven-aether-provider-3.0.jar:/Users/aliciahuang/.m2/repository/org/sonatype/aether/aether-impl/1.7/aether-impl-1.7.jar:/Users/aliciahuang/.m2/repository/org/sonatype/aether/aether-spi/1.7/aether-spi-1.7.jar:/Users/aliciahuang/.m2/repository/org/sonatype/aether/aether-api/1.7/aether-api-1.7.jar:/Users/aliciahuang/.m2/repository/org/sonatype/aether/aether-util/1.7/aether-util-1.7.jar:/Users/aliciahuang/.m2/repository/org/sonatype/sisu/sisu-inject-plexus/1.4.2/sisu-inject-plexus-1.4.2.jar:/Users/aliciahuang/.m2/repository/org/sonatype/sisu/sisu-inject-bean/1.4.2/sisu-inject-bean-1.4.2.jar:/Users/aliciahuang/.m2/repository/org/sonatype/sisu/sisu-guice/2.1.7/sisu-guice-2.1.7-noaop.jar:/Users/aliciahuang/.m2/repository/org/codehaus/plexus/plexus-interpolation/1.14/plexus-interpolation-1.14.jar:/Users/aliciahuang/.m2/repository/org/sonatype/plexus/plexus-sec-dispatcher/1.3/plexus-sec-dispatcher-1.3.jar:/Users/aliciahuang/.m2/repository/org/sonatype/plexus/plexus-cipher/1.4/plexus-cipher-1.4.jar:/Users/aliciahuang/.m2/repository/org/apache/maven/maven-compat/3.0/maven-compat-3.0.jar:/Users/aliciahuang/.m2/repository/org/apache/maven/wagon/wagon-provider-api/1.0-beta-6/wagon-provider-api-1.0-beta-6.jar:/Users/aliciahuang/.m2/repository/org/apache/maven/surefire/surefire-junit47/3.0.0-M3/surefire-junit47-3.0.0-M3.jar:/Users/aliciahuang/.m2/repository/org/apache/maven/surefire/common-junit48/3.0.0-M3/common-junit48-3.0.0-M3.jar:/Users/aliciahuang/.m2/repository/org/apache/maven/surefire/common-junit4/3.0.0-M3/common-junit4-3.0.0-M3.jar:/Users/aliciahuang/.m2/repository/org/apache/maven/surefire/common-junit3/3.0.0-M3/common-junit3-3.0.0-M3.jar:/Users/aliciahuang/.m2/repository/org/apache/maven/surefire/common-java5/3.0.0-M3/common-java5-3.0.0-M3.jar:/Users/aliciahuang/.m2/repository/org/apache/maven/surefire/surefire-grouper/3.0.0-M3/surefire-grouper-3.0.0-M3.jar:"/>
    <property name="sun.cpu.endian" value="little"/>
    <property name="user.home" value="/Users/aliciahuang"/>
    <property name="user.language" value="en"/>
    <property name="java.specification.vendor" value="Oracle Corporation"/>
    <property name="java.version.date" value="2019-01-15"/>
    <property name="java.home" value="/Library/Java/JavaVirtualMachines/jdk-11.0.2.jdk/Contents/Home"/>
    <property name="tags" value="@test"/>
    <property name="file.separator" value="/"/>
    <property name="basedir" value="/Users/aliciahuang/repos/myProjects/hubdoc"/>
    <property name="java.vm.compressedOopsMode" value="Zero based"/>
    <property name="line.separator" value="&#10;"/>
    <property name="java.specification.name" value="Java Platform API Specification"/>
    <property name="java.vm.specification.vendor" value="Oracle Corporation"/>
    <property name="java.awt.graphicsenv" value="sun.awt.CGraphicsEnvironment"/>
    <property name="surefire.real.class.path" value="/Users/aliciahuang/repos/myProjects/hubdoc/target/surefire/surefirebooter16854779075854823937.jar"/>
    <property name="sun.management.compiler" value="HotSpot 64-Bit Tiered Compilers"/>
    <property name="java.runtime.version" value="11.0.2+9"/>
    <property name="user.name" value="aliciahuang"/>
    <property name="path.separator" value=":"/>
    <property name="os.version" value="10.14.6"/>
    <property name="java.runtime.name" value="OpenJDK Runtime Environment"/>
    <property name="file.encoding" value="UTF-8"/>
    <property name="browser" value="chrome"/>
    <property name="java.vm.name" value="OpenJDK 64-Bit Server VM"/>
    <property name="java.vendor.version" value="18.9"/>
    <property name="localRepository" value="/Users/aliciahuang/.m2/repository"/>
    <property name="cucumber.options" value="src/test/resources/features/hubdoc.feature"/>
    <property name="java.vendor.url.bug" value="http://bugreport.java.com/bugreport/"/>
    <property name="java.io.tmpdir" value="/var/folders/t4/rj2lr9753kjb1n13c40by66c0000gn/T/"/>
    <property name="java.version" value="11.0.2"/>
    <property name="user.dir" value="/Users/aliciahuang/repos/myProjects/hubdoc"/>
    <property name="os.arch" value="x86_64"/>
    <property name="java.vm.specification.name" value="Java Virtual Machine Specification"/>
    <property name="java.awt.printerjob" value="sun.lwawt.macosx.CPrinterJob"/>
    <property name="sun.os.patch.level" value="unknown"/>
    <property name="java.library.path" value="/Users/aliciahuang/Library/Java/Extensions:/Library/Java/Extensions:/Network/Library/Java/Extensions:/System/Library/Java/Extensions:/usr/lib/java:."/>
    <property name="java.vendor" value="Oracle Corporation"/>
    <property name="java.vm.info" value="mixed mode"/>
    <property name="java.vm.version" value="11.0.2+9"/>
    <property name="sun.io.unicode.encoding" value="UnicodeBig"/>
    <property name="java.class.version" value="55.0"/>
  </properties>
  <testcase name="process a document" classname="Use the hubdoc to manage my documents" time="16.989">
    <error message="Session ID is null. Using WebDriver after calling quit()?&#10;Build info: version: &apos;3.11.0&apos;, revision: &apos;e59cfb3&apos;, time: &apos;2018-03-11T20:26:55.152Z&apos;&#10;System info: host: &apos;aliciahtraderev&apos;, ip: &apos;fe80:0:0:0:1c96:49a:324c:7898%en0&apos;, os.name: &apos;Mac OS X&apos;, os.arch: &apos;x86_64&apos;, os.version: &apos;10.14.6&apos;, java.version: &apos;11.0.2&apos;&#10;Driver info: driver.version: RemoteWebDriver" type="org.openqa.selenium.NoSuchSessionException">org.openqa.selenium.NoSuchSessionException: 
Session ID is null. Using WebDriver after calling quit()?
Build info: version: '3.11.0', revision: 'e59cfb3', time: '2018-03-11T20:26:55.152Z'
System info: host: 'aliciahtraderev', ip: 'fe80:0:0:0:1c96:49a:324c:7898%en0', os.name: 'Mac OS X', os.arch: 'x86_64', os.version: '10.14.6', java.version: '11.0.2'
Driver info: driver.version: RemoteWebDriver
</error>
    <system-out><![CDATA[Feature: Use the hubdoc to manage my documents
  As a hubdoc user
  I should be able to upload my document
  I should be able to process my document

  Background:                                                                # src/test/resources/features/hubdoc.feature:6
    When I login with email "h_yanchun@hotmail.com" and password "Abcde123!" # hubdocStepDefinition.uploadDoc(String,String)

  @test
  Scenario: process a document            # src/test/resources/features/hubdoc.feature:10
    Then I mark document as paid          # hubdocStepDefinition.markAsPaid()
    Then I add a note "Notes for testing" # hubdocStepDefinition.addNotes(String)
    Then I view document                  # hubdocStepDefinition.viewDocument()
    Then I download document              # hubdocStepDefinition.downloadDocument()
    Then I delete document                # hubdocStepDefinition.deleteDocument()
    Then I logout                         # hubdocStepDefinition.userLogout()
      org.openqa.selenium.NoSuchSessionException: Session ID is null. Using WebDriver after calling quit()?
Build info: version: '3.11.0', revision: 'e59cfb3', time: '2018-03-11T20:26:55.152Z'
System info: host: 'aliciahtraderev', ip: 'fe80:0:0:0:1c96:49a:324c:7898%en0', os.name: 'Mac OS X', os.arch: 'x86_64', os.version: '10.14.6', java.version: '11.0.2'
Driver info: driver.version: RemoteWebDriver
	at org.openqa.selenium.remote.HttpCommandExecutor.execute(HttpCommandExecutor.java:125)
	at org.openqa.selenium.remote.service.DriverCommandExecutor.execute(DriverCommandExecutor.java:83)
	at org.openqa.selenium.remote.RemoteWebDriver.execute(RemoteWebDriver.java:545)
	at org.openqa.selenium.remote.RemoteWebDriver.findElement(RemoteWebDriver.java:319)
	at org.openqa.selenium.remote.RemoteWebDriver.findElementById(RemoteWebDriver.java:365)
	at org.openqa.selenium.By$ById.findElement(By.java:218)
	at org.openqa.selenium.remote.RemoteWebDriver.findElement(RemoteWebDriver.java:311)
	at hubdoc.hubdocSenario.logout(hubdocSenario.java:204)
	at hubdoc.hubdocStepDefinition.userLogout(hubdocStepDefinition.java:47)
	at ✽.I logout(src/test/resources/features/hubdoc.feature:16)

]]></system-out>
    <system-err><![CDATA[Starting ChromeDriver 83.0.4103.39 (ccbf011cb2d2b19b506d844400483861342c20cd-refs/branch-heads/4103@{#416}) on port 11716
Only local connections are allowed.
Please see https://chromedriver.chromium.org/security-considerations for suggestions on keeping ChromeDriver safe.
ChromeDriver was started successfully.
Jul. 12, 2020 4:48:03 P.M. org.openqa.selenium.remote.ProtocolHandshake createSession
INFO: Detected dialect: W3C
]]></system-err>
  </testcase>
  <testcase name="upload a document" classname="Use the hubdoc to manage my documents" time="9.722">
    <failure message="expected:&lt;2&gt; but was:&lt;3&gt;" type="java.lang.AssertionError"><![CDATA[java.lang.AssertionError: expected:<2> but was:<3>
]]></failure>
    <system-out><![CDATA[
  Background:                                                                # src/test/resources/features/hubdoc.feature:6
    When I login with email "h_yanchun@hotmail.com" and password "Abcde123!" # hubdocStepDefinition.uploadDoc(String,String)

  @test
  Scenario: upload a document                                 # src/test/resources/features/hubdoc.feature:20
    Then I upload document "Foxglove Studios Invoices_CA.pdf" # hubdocStepDefinition.uploadDocument(String)
      java.lang.AssertionError: expected:<2> but was:<3>
	at org.junit.Assert.fail(Assert.java:88)
	at org.junit.Assert.failNotEquals(Assert.java:834)
	at org.junit.Assert.assertEquals(Assert.java:645)
	at org.junit.Assert.assertEquals(Assert.java:631)
	at hubdoc.hubdocSenario.uploadDocument(hubdocSenario.java:80)
	at hubdoc.hubdocStepDefinition.uploadDocument(hubdocStepDefinition.java:17)
	at ✽.I upload document "Foxglove Studios Invoices_CA.pdf"(src/test/resources/features/hubdoc.feature:21)

    Then I logout                                             # hubdocStepDefinition.userLogout()
]]></system-out>
    <system-err><![CDATA[Starting ChromeDriver 83.0.4103.39 (ccbf011cb2d2b19b506d844400483861342c20cd-refs/branch-heads/4103@{#416}) on port 17860
Only local connections are allowed.
Please see https://chromedriver.chromium.org/security-considerations for suggestions on keeping ChromeDriver safe.
ChromeDriver was started successfully.
Jul. 12, 2020 4:48:20 P.M. org.openqa.selenium.remote.ProtocolHandshake createSession
INFO: Detected dialect: W3C
]]></system-err>
  </testcase>
</testsuite>